c:\users\hp\source\repos\blood_bank\blood_bank\debug\vc142.pdb
c:\users\hp\source\repos\blood_bank\blood_bank\debug\vc142.idb
c:\users\hp\source\repos\blood_bank\blood_bank\debug\recipient.nativecodeanalysis.sarif
c:\users\hp\source\repos\blood_bank\blood_bank\debug\recipient.nativecodeanalysis.xml
c:\users\hp\source\repos\blood_bank\blood_bank\debug\donor.nativecodeanalysis.sarif
c:\users\hp\source\repos\blood_bank\blood_bank\debug\donor.nativecodeanalysis.xml
c:\users\hp\source\repos\blood_bank\blood_bank\debug\blood_bank.nativecodeanalysis.sarif
c:\users\hp\source\repos\blood_bank\blood_bank\debug\blood_bank.nativecodeanalysis.xml
c:\users\hp\source\repos\blood_bank\blood_bank\debug\arrlist.nativecodeanalysis.sarif
c:\users\hp\source\repos\blood_bank\blood_bank\debug\arrlist.nativecodeanalysis.xml
c:\users\hp\source\repos\blood_bank\blood_bank\debug\arr.nativecodeanalysis.sarif
c:\users\hp\source\repos\blood_bank\blood_bank\debug\arr.nativecodeanalysis.xml
c:\users\hp\source\repos\blood_bank\blood_bank\debug\admin.nativecodeanalysis.sarif
c:\users\hp\source\repos\blood_bank\blood_bank\debug\admin.nativecodeanalysis.xml
c:\users\hp\source\repos\blood_bank\blood_bank\debug\admin.obj
c:\users\hp\source\repos\blood_bank\blood_bank\debug\arr.obj
c:\users\hp\source\repos\blood_bank\blood_bank\debug\arrlist.obj
c:\users\hp\source\repos\blood_bank\blood_bank\debug\blood_bank.obj
c:\users\hp\source\repos\blood_bank\blood_bank\debug\donor.obj
c:\users\hp\source\repos\blood_bank\blood_bank\debug\recipient.obj
c:\users\hp\source\repos\blood_bank\debug\blood_bank.exe
c:\users\hp\source\repos\blood_bank\blood_bank\debug\blood_bank.tlog\cl.command.1.tlog
c:\users\hp\source\repos\blood_bank\blood_bank\debug\blood_bank.tlog\cl.read.1.tlog
c:\users\hp\source\repos\blood_bank\blood_bank\debug\blood_bank.tlog\cl.write.1.tlog
c:\users\hp\source\repos\blood_bank\blood_bank\debug\blood_bank.tlog\link.command.1.tlog
c:\users\hp\source\repos\blood_bank\blood_bank\debug\blood_bank.tlog\link.read.1.tlog
c:\users\hp\source\repos\blood_bank\blood_bank\debug\blood_bank.tlog\link.write.1.tlog
